Start testing: May 12 10:45 EDT
----------------------------------------------------------
1/2 Testing: Arithmetical_Tests
1/2 Test: Arithmetical_Tests
Command: "/home/kali/cmp_int/test/TestCmpInt"
Directory: /home/kali/cmp_int/test
"Arithmetical_Tests" start time: May 12 10:45 EDT
Output:
----------------------------------------------------------
<end of output>
Test time = 1500.10 sec
----------------------------------------------------------
Test Failed.
"Arithmetical_Tests" end time: May 12 11:10 EDT
"Arithmetical_Tests" time elapsed: 00:25:00
----------------------------------------------------------

End testing: May 12 11:10 EDT
