Start testing: May 16 07:32 EDT
----------------------------------------------------------
1/1 Testing: Arithmetic_Signed_Equal
1/1 Test: Arithmetic_Signed_Equal
Command: "/home/kali/cmp_int/test/TestSignedEqual"
Directory: /home/kali/cmp_int/test
"Arithmetic_Signed_Equal" start time: May 16 07:32 EDT
Output:
----------------------------------------------------------
/home/kali/cmp_int/test/signed_cmp_equal.c:72:test_cmp_equal_arith_property_x:PASS
/home/kali/cmp_int/test/signed_cmp_equal.c:73:test_cmp_equal_arith_property_y:PASS

-----------------------
2 Tests 0 Failures 0 Ignored 
OK
<end of output>
Test time =   0.00 sec
----------------------------------------------------------
Test Passed.
"Arithmetic_Signed_Equal" end time: May 16 07:32 EDT
"Arithmetic_Signed_Equal" time elapsed: 00:00:00
----------------------------------------------------------

End testing: May 16 07:32 EDT
